{"C:\\Users\\zurok\\Desktop\\aaasss\\task.js": {"path":"C:\\Users\\zurok\\Desktop\\aaasss\\task.js","statementMap":{"0":{"start":{"line":3,"column":4},"end":{"line":3,"column":22}},"1":{"start":{"line":7,"column":4},"end":{"line":7,"column":33}},"2":{"start":{"line":11,"column":4},"end":{"line":13,"column":5}},"3":{"start":{"line":12,"column":6},"end":{"line":12,"column":19}},"4":{"start":{"line":18,"column":2},"end":{"line":18,"column":67}},"5":{"start":{"line":21,"column":13},"end":{"line":21,"column":23}},"6":{"start":{"line":22,"column":0},"end":{"line":29,"column":3}},"7":{"start":{"line":30,"column":0},"end":{"line":37,"column":3}},"8":{"start":{"line":39,"column":0},"end":{"line":41,"column":1}},"9":{"start":{"line":40,"column":2},"end":{"line":40,"column":20}},"10":{"start":{"line":43,"column":0},"end":{"line":43,"column":38}},"11":{"start":{"line":45,"column":0},"end":{"line":45,"column":35}},"12":{"start":{"line":46,"column":0},"end":{"line":46,"column":35}},"13":{"start":{"line":47,"column":0},"end":{"line":47,"column":30}},"14":{"start":{"line":48,"column":0},"end":{"line":48,"column":28}},"15":{"start":{"line":49,"column":0},"end":{"line":49,"column":36}}},"fnMap":{"0":{"name":"(anonymous_0)","decl":{"start":{"line":2,"column":2},"end":{"line":2,"column":3}},"loc":{"start":{"line":2,"column":16},"end":{"line":4,"column":3}},"line":2},"1":{"name":"(anonymous_1)","decl":{"start":{"line":6,"column":2},"end":{"line":6,"column":3}},"loc":{"start":{"line":6,"column":17},"end":{"line":8,"column":3}},"line":6},"2":{"name":"(anonymous_2)","decl":{"start":{"line":10,"column":2},"end":{"line":10,"column":3}},"loc":{"start":{"line":10,"column":23},"end":{"line":14,"column":3}},"line":10},"3":{"name":"canIterate","decl":{"start":{"line":17,"column":9},"end":{"line":17,"column":19}},"loc":{"start":{"line":17,"column":25},"end":{"line":19,"column":1}},"line":17}},"branchMap":{"0":{"loc":{"start":{"line":18,"column":9},"end":{"line":18,"column":66}},"type":"binary-expr","locations":[{"start":{"line":18,"column":9},"end":{"line":18,"column":20}},{"start":{"line":18,"column":24},"end":{"line":18,"column":66}}],"line":18}},"s":{"0":2,"1":4,"2":2,"3":4,"4":11,"5":1,"6":1,"7":1,"8":1,"9":2,"10":1,"11":1,"12":1,"13":1,"14":1,"15":1},"f":{"0":2,"1":4,"2":2,"3":11},"b":{"0":[11,9]},"_coverageSchema":"1a1c01bbd47fc00a2c39e90264f33305004495a9","hash":"b7119f5f6693895c684e355325a753388b39ace9"}
}
